<?xml version="1.0" encoding="UTF-8"?>
<!-- Generated by org.testng.reporters.JUnitXMLReporter -->
<testsuite hostname="TGS-DPC-2534" ignored="0" name="Test" tests="3" failures="0" timestamp="2019-11-01T16:31:04 IST" time="312.254" errors="0">
  <testcase name="sanitytest" time="79.557" classname="Exp.MAF2.Zerosanity"/>
  <testcase name="errormsgValidation" time="40.756" classname="Exp.MAF2.ecommerce_tc_3"/>
  <testcase name="totalvalidation" time="188.802" classname="Exp.MAF2.ecommerce_tc_4"/>
</testsuite> <!-- Test -->
